1514300465568	geckodriver	INFO	geckodriver 0.19.1
1514300465585	geckodriver	INFO	Listening on 127.0.0.1:4651
1514300467708	mozrunner::runner	INFO	Running command: "C:\\Program Files (x86)\\Mozilla Firefox\\firefox.exe" "-marionette" "-profile" "C:\\Users\\ADMINI~1\\AppData\\Local\\Temp\\rust_mozprofile.pRojAwSsok84"
1514300475488	Marionette	INFO	Enabled via --marionette
1514300486185	Marionette	INFO	Listening on port 4658
1514300487295	Marionette	WARN	TLS certificate errors will be ignored for this session
1514300487476	Marionette	DEBUG	Register listener.js for window 4294967297
1514300487943	Marionette	DEBUG	Received DOM event "beforeunload" for "about:blank"
1514300488261	Marionette	DEBUG	Received DOM event "pagehide" for "about:blank"
1514300488262	Marionette	DEBUG	Received DOM event "unload" for "about:blank"
1514300488587	Marionette	DEBUG	Received DOM event "DOMContentLoaded" for "http://bw1.cpa700.com/"
1514300488796	Marionette	DEBUG	Received DOM event "pageshow" for "http://bw1.cpa700.com/"
JavaScript error: http://bw1.cpa700.com/code_url_list.jsp, line 282: SyntaxError: illegal character
1514300504267	Marionette	DEBUG	Register listener.js for window 4294967302
1514300504345	Marionette	DEBUG	Register listener.js for window 4294967305
JavaScript error: http://alia7557.banlion.cn:45699/frm_member.jsp, line 18: SyntaxError: missing ( before formal parameters
JavaScript warning: http://alia7557.banlion.cn:45699/member/js/jquery.js, line 1: Using //@ to indicate sourceMappingURL pragmas is deprecated. Use //# instead
JavaScript warning: http://alia7557.banlion.cn:45699/member/js/jquery.js, line 1: Using //@ to indicate sourceMappingURL pragmas is deprecated. Use //# instead
1514300715056	Marionette	DEBUG	Register listener.js for window 4294967326
1514300722121	Marionette	DEBUG	Register listener.js for window 8589934593
JavaScript error: https://ss1.bdstatic.com/5eN1bjq8AAUYm2zgoY3K/r/www/cache/static/protocol/https/plugins/every_cookie_4644b13.js, line 4: ReferenceError: c is not defined
1514300741664	Marionette	DEBUG	Register listener.js for window 8589934597
1514300771407	addons.webextension.<unknown>	WARN	Loading extension 'null': Reading manifest: Error processing options_page: An unexpected property was found in the WebExtension manifest.
1514300773421	addons.xpi	WARN	Failed to remove temporary file C:\Users\ADMINI~1\AppData\Local\Temp\tmp-jo5.xpi for addon https://addons.mozilla.org/firefox/downloads/file/818787/katalon_recorder_selenium_ide_for_firefox_55-2.1.0-an+fx-windows.xpi?src=api: [Exception... "Component returned failure code: 0x80520015 (NS_ERROR_FILE_ACCESS_DENIED) [nsIFile.remove]"  nsresult: "0x80520015 (NS_ERROR_FILE_ACCESS_DENIED)"  location: "JS frame :: resource://gre/modules/addons/XPIInstall.jsm :: removeTemporaryFile :: line 1558"  data: no] Stack trace: removeTemporaryFile()@resource://gre/modules/addons/XPIInstall.jsm:1558 < startInstall/<()@resource://gre/modules/addons/XPIInstall.jsm:1907
1514300773481	addons.webextension.{91f05833-bab1-4fb1-b9e4-187091a4d75d}	WARN	Loading extension '{91f05833-bab1-4fb1-b9e4-187091a4d75d}': Reading manifest: Error processing options_page: An unexpected property was found in the WebExtension manifest.
1514300773542	addons.webextension.{91f05833-bab1-4fb1-b9e4-187091a4d75d}	WARN	Please specify whether you want browser_style or not in your browser_action options.
JavaScript error: moz-extension://641e9b2a-1aff-4823-b315-d70bab564056/katalon/background.js, line 16: TypeError: chrome.tabs.onSelectionChanged is undefined
Extension error: TypeError: response is undefined moz-extension://641e9b2a-1aff-4823-b315-d70bab564056/katalon/main.js 38
[[Exception stack
@moz-extension://641e9b2a-1aff-4823-b315-d70bab564056/katalon/main.js:38:5
Current stack
applySafeWithoutClone@resource://gre/modules/ExtensionCommon.jsm:285:133
wrapPromise/</<@resource://gre/modules/ExtensionCommon.jsm:466:15
withLastError@resource://gre/modules/ExtensionCommon.jsm:404:14
wrapPromise/<@resource://gre/modules/ExtensionCommon.jsm:460:11
]]
Extension error: TypeError: response is undefined moz-extension://641e9b2a-1aff-4823-b315-d70bab564056/katalon/main.js 38
[[Exception stack
@moz-extension://641e9b2a-1aff-4823-b315-d70bab564056/katalon/main.js:38:5
Current stack
applySafeWithoutClone@resource://gre/modules/ExtensionCommon.jsm:285:133
wrapPromise/</<@resource://gre/modules/ExtensionCommon.jsm:466:15
withLastError@resource://gre/modules/ExtensionCommon.jsm:404:14
wrapPromise/<@resource://gre/modules/ExtensionCommon.jsm:460:11
]]
JavaScript error: undefined, line 0: Error: Could not establish connection. Receiving end does not exist.
JavaScript error: undefined, line 0: Error: Could not establish connection. Receiving end does not exist.
Extension error: TypeError: response is undefined moz-extension://641e9b2a-1aff-4823-b315-d70bab564056/katalon/main.js 38
[[Exception stack
@moz-extension://641e9b2a-1aff-4823-b315-d70bab564056/katalon/main.js:38:5
Current stack
applySafeWithoutClone@resource://gre/modules/ExtensionCommon.jsm:285:133
wrapPromise/</<@resource://gre/modules/ExtensionCommon.jsm:466:15
withLastError@resource://gre/modules/ExtensionCommon.jsm:404:14
wrapPromise/<@resource://gre/modules/ExtensionCommon.jsm:460:11
]]
Extension error: TypeError: response is undefined moz-extension://641e9b2a-1aff-4823-b315-d70bab564056/katalon/main.js 38
[[Exception stack
@moz-extension://641e9b2a-1aff-4823-b315-d70bab564056/katalon/main.js:38:5
Current stack
applySafeWithoutClone@resource://gre/modules/ExtensionCommon.jsm:285:133
wrapPromise/</<@resource://gre/modules/ExtensionCommon.jsm:466:15
withLastError@resource://gre/modules/ExtensionCommon.jsm:404:14
wrapPromise/<@resource://gre/modules/ExtensionCommon.jsm:460:11
]]
Extension error: TypeError: response is undefined moz-extension://641e9b2a-1aff-4823-b315-d70bab564056/katalon/main.js 38
[[Exception stack
@moz-extension://641e9b2a-1aff-4823-b315-d70bab564056/katalon/main.js:38:5
Current stack
applySafeWithoutClone@resource://gre/modules/ExtensionCommon.jsm:285:133
wrapPromise/</<@resource://gre/modules/ExtensionCommon.jsm:466:15
withLastError@resource://gre/modules/ExtensionCommon.jsm:404:14
wrapPromise/<@resource://gre/modules/ExtensionCommon.jsm:460:11
]]
Extension error: TypeError: response is undefined moz-extension://641e9b2a-1aff-4823-b315-d70bab564056/katalon/main.js 38
[[Exception stack
@moz-extension://641e9b2a-1aff-4823-b315-d70bab564056/katalon/main.js:38:5
Current stack
applySafeWithoutClone@resource://gre/modules/ExtensionCommon.jsm:285:133
wrapPromise/</<@resource://gre/modules/ExtensionCommon.jsm:466:15
withLastError@resource://gre/modules/ExtensionCommon.jsm:404:14
wrapPromise/<@resource://gre/modules/ExtensionCommon.jsm:460:11
]]
Extension error: TypeError: response is undefined moz-extension://641e9b2a-1aff-4823-b315-d70bab564056/katalon/main.js 38
[[Exception stack
@moz-extension://641e9b2a-1aff-4823-b315-d70bab564056/katalon/main.js:38:5
Current stack
applySafeWithoutClone@resource://gre/modules/ExtensionCommon.jsm:285:133
wrapPromise/</<@resource://gre/modules/ExtensionCommon.jsm:466:15
withLastError@resource://gre/modules/ExtensionCommon.jsm:404:14
wrapPromise/<@resource://gre/modules/ExtensionCommon.jsm:460:11
]]
Extension error: TypeError: response is undefined moz-extension://641e9b2a-1aff-4823-b315-d70bab564056/katalon/main.js 38
[[Exception stack
@moz-extension://641e9b2a-1aff-4823-b315-d70bab564056/katalon/main.js:38:5
Current stack
applySafeWithoutClone@resource://gre/modules/ExtensionCommon.jsm:285:133
wrapPromise/</<@resource://gre/modules/ExtensionCommon.jsm:466:15
withLastError@resource://gre/modules/ExtensionCommon.jsm:404:14
wrapPromise/<@resource://gre/modules/ExtensionCommon.jsm:460:11
]]
Extension error: TypeError: response is undefined moz-extension://641e9b2a-1aff-4823-b315-d70bab564056/katalon/main.js 38
[[Exception stack
@moz-extension://641e9b2a-1aff-4823-b315-d70bab564056/katalon/main.js:38:5
Current stack
applySafeWithoutClone@resource://gre/modules/ExtensionCommon.jsm:285:133
wrapPromise/</<@resource://gre/modules/ExtensionCommon.jsm:466:15
withLastError@resource://gre/modules/ExtensionCommon.jsm:404:14
wrapPromise/<@resource://gre/modules/ExtensionCommon.jsm:460:11
]]
JavaScript error: undefined, line 0: Error: Could not establish connection. Receiving end does not exist.
JavaScript error: undefined, line 0: Error: Could not establish connection. Receiving end does not exist.
JavaScript error: undefined, line 0: Error: Could not establish connection. Receiving end does not exist.
JavaScript error: undefined, line 0: Error: Could not establish connection. Receiving end does not exist.
JavaScript error: undefined, line 0: Error: Could not establish connection. Receiving end does not exist.
JavaScript error: undefined, line 0: Error: Could not establish connection. Receiving end does not exist.
JavaScript error: undefined, line 0: Error: Could not establish connection. Receiving end does not exist.
1514300776042	Marionette	DEBUG	Register listener.js for window 10737418241
[Child 3076, Chrome_ChildThread] WARNING: pipe error: 109: file z:/build/build/src/ipc/chromium/src/chrome/common/ipc_channel_win.cc, line 346
[Child 3076, Chrome_ChildThread] WARNING: pipe error: 109: file z:/build/build/src/ipc/chromium/src/chrome/common/ipc_channel_win.cc, line 346
[Parent 780, Gecko_IOThread] WARNING: pipe error: 109: file z:/build/build/src/ipc/chromium/src/chrome/common/ipc_channel_win.cc, line 346
JavaScript error: chrome://browser/content/tabbrowser.xml, line 2426: TypeError: invalid 'in' operand browser
JavaScript error: chrome://browser/content/ext-windows.js, line 19: NS_ERROR_NOT_INITIALIZED: Component returned failure code: 0xc1f30001 (NS_ERROR_NOT_INITIALIZED) [nsIMessageSender.sendAsyncMessage]
[Child 3864, Chrome_ChildThread] WARNING: pipe error: 109: file z:/build/build/src/ipc/chromium/src/chrome/common/ipc_channel_win.cc, line 346
Extension error: TypeError: response is undefined moz-extension://641e9b2a-1aff-4823-b315-d70bab564056/katalon/main.js 38
[[Exception stack
@moz-extension://641e9b2a-1aff-4823-b315-d70bab564056/katalon/main.js:38:5
Current stack
applySafeWithoutClone@resource://gre/modules/ExtensionCommon.jsm:285:133
wrapPromise/<@resource://gre/modules/ExtensionCommon.jsm:456:13
]]
JavaScript warning: http://alia7557.banlion.cn:45699/member/js/jquery.js, line 1: Using //@ to indicate sourceMappingURL pragmas is deprecated. Use //# instead
Extension error: TypeError: response is undefined moz-extension://641e9b2a-1aff-4823-b315-d70bab564056/katalon/main.js 38
[[Exception stack
@moz-extension://641e9b2a-1aff-4823-b315-d70bab564056/katalon/main.js:38:5
Current stack
applySafeWithoutClone@resource://gre/modules/ExtensionCommon.jsm:285:133
wrapPromise/<@resource://gre/modules/ExtensionCommon.jsm:456:13
]]
Extension error: TypeError: response is undefined moz-extension://641e9b2a-1aff-4823-b315-d70bab564056/katalon/main.js 38
[[Exception stack
@moz-extension://641e9b2a-1aff-4823-b315-d70bab564056/katalon/main.js:38:5
Current stack
applySafeWithoutClone@resource://gre/modules/ExtensionCommon.jsm:285:133
wrapPromise/<@resource://gre/modules/ExtensionCommon.jsm:456:13
]]
Extension error: TypeError: response is undefined moz-extension://641e9b2a-1aff-4823-b315-d70bab564056/katalon/main.js 38
[[Exception stack
@moz-extension://641e9b2a-1aff-4823-b315-d70bab564056/katalon/main.js:38:5
Current stack
applySafeWithoutClone@resource://gre/modules/ExtensionCommon.jsm:285:133
wrapPromise/<@resource://gre/modules/ExtensionCommon.jsm:456:13
]]
JavaScript error: http://alia7557.banlion.cn:45699/frm_member.jsp, line 18: SyntaxError: missing ( before formal parameters
Extension error: TypeError: response is undefined moz-extension://641e9b2a-1aff-4823-b315-d70bab564056/katalon/main.js 38
[[Exception stack
@moz-extension://641e9b2a-1aff-4823-b315-d70bab564056/katalon/main.js:38:5
Current stack
applySafeWithoutClone@resource://gre/modules/ExtensionCommon.jsm:285:133
wrapPromise/<@resource://gre/modules/ExtensionCommon.jsm:456:13
]]
Extension error: TypeError: response is undefined moz-extension://641e9b2a-1aff-4823-b315-d70bab564056/katalon/main.js 38
[[Exception stack
@moz-extension://641e9b2a-1aff-4823-b315-d70bab564056/katalon/main.js:38:5
Current stack
applySafeWithoutClone@resource://gre/modules/ExtensionCommon.jsm:285:133
wrapPromise/<@resource://gre/modules/ExtensionCommon.jsm:456:13
]]
Extension error: TypeError: response is undefined moz-extension://641e9b2a-1aff-4823-b315-d70bab564056/katalon/main.js 38
[[Exception stack
@moz-extension://641e9b2a-1aff-4823-b315-d70bab564056/katalon/main.js:38:5
Current stack
applySafeWithoutClone@resource://gre/modules/ExtensionCommon.jsm:285:133
wrapPromise/<@resource://gre/modules/ExtensionCommon.jsm:456:13
]]
Extension error: TypeError: response is undefined moz-extension://641e9b2a-1aff-4823-b315-d70bab564056/katalon/main.js 38
[[Exception stack
@moz-extension://641e9b2a-1aff-4823-b315-d70bab564056/katalon/main.js:38:5
Current stack
applySafeWithoutClone@resource://gre/modules/ExtensionCommon.jsm:285:133
wrapPromise/<@resource://gre/modules/ExtensionCommon.jsm:456:13
]]
JavaScript warning: http://alia7557.banlion.cn:45699/member/js/jquery.js, line 1: Using //@ to indicate sourceMappingURL pragmas is deprecated. Use //# instead
Extension error: TypeError: response is undefined moz-extension://641e9b2a-1aff-4823-b315-d70bab564056/katalon/main.js 38
[[Exception stack
@moz-extension://641e9b2a-1aff-4823-b315-d70bab564056/katalon/main.js:38:5
Current stack
applySafeWithoutClone@resource://gre/modules/ExtensionCommon.jsm:285:133
wrapPromise/<@resource://gre/modules/ExtensionCommon.jsm:456:13
]]
Extension error: TypeError: response is undefined moz-extension://641e9b2a-1aff-4823-b315-d70bab564056/katalon/main.js 38
[[Exception stack
@moz-extension://641e9b2a-1aff-4823-b315-d70bab564056/katalon/main.js:38:5
Current stack
applySafeWithoutClone@resource://gre/modules/ExtensionCommon.jsm:285:133
wrapPromise/<@resource://gre/modules/ExtensionCommon.jsm:456:13
]]
Extension error: TypeError: response is undefined moz-extension://641e9b2a-1aff-4823-b315-d70bab564056/katalon/main.js 38
[[Exception stack
@moz-extension://641e9b2a-1aff-4823-b315-d70bab564056/katalon/main.js:38:5
Current stack
applySafeWithoutClone@resource://gre/modules/ExtensionCommon.jsm:285:133
wrapPromise/<@resource://gre/modules/ExtensionCommon.jsm:456:13
]]
JavaScript warning: http://alia7557.banlion.cn:45699/member/js/jquery.js, line 1: Using //@ to indicate sourceMappingURL pragmas is deprecated. Use //# instead
Extension error: TypeError: response is undefined moz-extension://641e9b2a-1aff-4823-b315-d70bab564056/katalon/main.js 38
[[Exception stack
@moz-extension://641e9b2a-1aff-4823-b315-d70bab564056/katalon/main.js:38:5
Current stack
applySafeWithoutClone@resource://gre/modules/ExtensionCommon.jsm:285:133
wrapPromise/<@resource://gre/modules/ExtensionCommon.jsm:456:13
]]
Extension error: TypeError: response is undefined moz-extension://641e9b2a-1aff-4823-b315-d70bab564056/katalon/main.js 38
[[Exception stack
@moz-extension://641e9b2a-1aff-4823-b315-d70bab564056/katalon/main.js:38:5
Current stack
applySafeWithoutClone@resource://gre/modules/ExtensionCommon.jsm:285:133
wrapPromise/<@resource://gre/modules/ExtensionCommon.jsm:456:13
]]
JavaScript error: http://alia7557.banlion.cn:45699/member/js/forbid.js, line 22: ReferenceError: event is not defined
JavaScript error: http://alia7557.banlion.cn:45699/member/js/forbid.js, line 22: ReferenceError: event is not defined
JavaScript error: http://alia7557.banlion.cn:45699/member/js/forbid.js, line 22: ReferenceError: event is not defined
JavaScript error: http://alia7557.banlion.cn:45699/member/js/forbid.js, line 22: ReferenceError: event is not defined
JavaScript error: moz-extension://641e9b2a-1aff-4823-b315-d70bab564056/playback-api.js, line 616: TypeError: sideex_testCase[currentTestCaseId] is null
JavaScript error: http://alia7557.banlion.cn:45699/member/js/forbid.js, line 22: ReferenceError: event is not defined
JavaScript error: http://alia7557.banlion.cn:45699/member/js/forbid.js, line 22: ReferenceError: event is not defined
JavaScript error: http://alia7557.banlion.cn:45699/member/js/forbid.js, line 22: ReferenceError: event is not defined
JavaScript error: http://alia7557.banlion.cn:45699/member/js/forbid.js, line 22: ReferenceError: event is not defined
JavaScript error: http://alia7557.banlion.cn:45699/member/js/forbid.js, line 22: ReferenceError: event is not defined
JavaScript error: http://alia7557.banlion.cn:45699/member/js/forbid.js, line 22: ReferenceError: event is not defined
JavaScript error: http://alia7557.banlion.cn:45699/member/js/forbid.js, line 22: ReferenceError: event is not defined
JavaScript error: http://alia7557.banlion.cn:45699/member/js/forbid.js, line 22: ReferenceError: event is not defined
JavaScript error: http://alia7557.banlion.cn:45699/member/js/forbid.js, line 22: ReferenceError: event is not defined
JavaScript error: http://alia7557.banlion.cn:45699/member/js/forbid.js, line 22: ReferenceError: event is not defined
JavaScript error: http://alia7557.banlion.cn:45699/member/js/forbid.js, line 22: ReferenceError: event is not defined
JavaScript error: http://alia7557.banlion.cn:45699/member/js/forbid.js, line 22: ReferenceError: event is not defined
JavaScript error: http://alia7557.banlion.cn:45699/member/js/forbid.js, line 22: ReferenceError: event is not defined
JavaScript error: http://alia7557.banlion.cn:45699/member/js/forbid.js, line 22: ReferenceError: event is not defined
JavaScript error: http://alia7557.banlion.cn:45699/member/js/forbid.js, line 22: ReferenceError: event is not defined
JavaScript error: http://alia7557.banlion.cn:45699/member/js/forbid.js, line 22: ReferenceError: event is not defined
JavaScript error: http://alia7557.banlion.cn:45699/member/js/forbid.js, line 22: ReferenceError: event is not defined
JavaScript error: http://alia7557.banlion.cn:45699/member/js/forbid.js, line 22: ReferenceError: event is not defined
JavaScript error: http://alia7557.banlion.cn:45699/member/js/forbid.js, line 22: ReferenceError: event is not defined
JavaScript error: http://alia7557.banlion.cn:45699/member/js/forbid.js, line 22: ReferenceError: event is not defined
JavaScript error: http://alia7557.banlion.cn:45699/member/js/forbid.js, line 22: ReferenceError: event is not defined
JavaScript error: http://alia7557.banlion.cn:45699/member/js/forbid.js, line 22: ReferenceError: event is not defined
JavaScript error: http://alia7557.banlion.cn:45699/member/js/forbid.js, line 22: ReferenceError: event is not defined
JavaScript error: http://alia7557.banlion.cn:45699/member/js/forbid.js, line 22: ReferenceError: event is not defined
JavaScript error: http://alia7557.banlion.cn:45699/member/js/forbid.js, line 22: ReferenceError: event is not defined
JavaScript error: http://alia7557.banlion.cn:45699/member/js/forbid.js, line 22: ReferenceError: event is not defined
JavaScript error: http://alia7557.banlion.cn:45699/member/js/forbid.js, line 22: ReferenceError: event is not defined
JavaScript error: http://alia7557.banlion.cn:45699/member/js/forbid.js, line 22: ReferenceError: event is not defined
tabs.onRemoved event fired after context unloaded.
windows.onRemoved event fired after context unloaded.
[Child 660, Chrome_ChildThread] WARNING: pipe error: 109: file z:/build/build/src/ipc/chromium/src/chrome/common/ipc_channel_win.cc, line 346
1514301110152	geckodriver	INFO	geckodriver 0.19.1
1514301110168	geckodriver	INFO	Listening on 127.0.0.1:4934
1514301112227	mozrunner::runner	INFO	Running command: "C:\\Program Files (x86)\\Mozilla Firefox\\firefox.exe" "-marionette" "-profile" "C:\\Users\\ADMINI~1\\AppData\\Local\\Temp\\rust_mozprofile.MtowwojJMnI4"
1514301113873	Marionette	INFO	Enabled via --marionette
[Child 3180, Chrome_ChildThread] WARNING: pipe error: 109: file z:/build/build/src/ipc/chromium/src/chrome/common/ipc_channel_win.cc, line 346
1514301116566	Marionette	INFO	Listening on port 4940
1514301117702	Marionette	WARN	TLS certificate errors will be ignored for this session
1514301117811	Marionette	DEBUG	Register listener.js for window 4294967297
1514301117854	Marionette	DEBUG	Received DOM event "beforeunload" for "about:blank"
1514301118045	Marionette	DEBUG	Received DOM event "pagehide" for "about:blank"
1514301118046	Marionette	DEBUG	Received DOM event "unload" for "about:blank"
1514301118279	Marionette	DEBUG	Received DOM event "DOMContentLoaded" for "http://bw1.cpa700.com/"
1514301118380	Marionette	DEBUG	Received DOM event "pageshow" for "http://bw1.cpa700.com/"
JavaScript error: http://bw1.cpa700.com/code_url_list.jsp, line 282: SyntaxError: illegal character
1514301129033	Marionette	DEBUG	Register listener.js for window 4294967302
1514301129114	Marionette	DEBUG	Register listener.js for window 4294967305
JavaScript error: http://alia7557.banlion.cn:45699/frm_member.jsp, line 18: SyntaxError: missing ( before formal parameters
JavaScript warning: http://alia7557.banlion.cn:45699/member/js/jquery.js, line 1: Using //@ to indicate sourceMappingURL pragmas is deprecated. Use //# instead
JavaScript warning: http://alia7557.banlion.cn:45699/member/js/jquery.js, line 1: Using //@ to indicate sourceMappingURL pragmas is deprecated. Use //# instead
JavaScript error: http://alia7557.banlion.cn:45699/member/js/forbid.js, line 3: ReferenceError: event is not defined
JavaScript error: http://alia7557.banlion.cn:45699/member/js/forbid.js, line 22: ReferenceError: event is not defined
JavaScript warning: http://alia7557.banlion.cn:45699/member/js/jquery.js, line 1: Using //@ to indicate sourceMappingURL pragmas is deprecated. Use //# instead
console.warn: Got an unexpected frameLoad in the inspector, please file a bug on bugzilla.mozilla.org!
console.trace: 
_fronts/inspector.js 827 WalkerFront<.getMutations</<
_/Promise-backend.js 922 process
_/Promise-backend.js 806 walkerLoop
_/Promise-backend.js 742 scheduleWalkerLoop/<

JavaScript warning: http://alia7557.banlion.cn:45699/member/js/jquery.js, line 1: Using //@ to indicate sourceMappingURL pragmas is deprecated. Use //# instead
console.warn: Got an unexpected frameLoad in the inspector, please file a bug on bugzilla.mozilla.org!
console.trace: 
_fronts/inspector.js 827 WalkerFront<.getMutations</<
_/Promise-backend.js 922 process
_/Promise-backend.js 806 walkerLoop
_/Promise-backend.js 742 scheduleWalkerLoop/<

console.warn: Got an unexpected frameLoad in the inspector, please file a bug on bugzilla.mozilla.org!
console.trace: 
_fronts/inspector.js 827 WalkerFront<.getMutations</<
_/Promise-backend.js 922 process
_/Promise-backend.js 806 walkerLoop
_/Promise-backend.js 742 scheduleWalkerLoop/<

JavaScript warning: http://alia7557.banlion.cn:45699/member/js/jquery.js, line 1: Using //@ to indicate sourceMappingURL pragmas is deprecated. Use //# instead
console.warn: Got an unexpected frameLoad in the inspector, please file a bug on bugzilla.mozilla.org!
console.trace: 
_fronts/inspector.js 827 WalkerFront<.getMutations</<
_/Promise-backend.js 922 process
_/Promise-backend.js 806 walkerLoop
_/Promise-backend.js 742 scheduleWalkerLoop/<

console.warn: Got an unexpected frameLoad in the inspector, please file a bug on bugzilla.mozilla.org!
console.trace: 
_fronts/inspector.js 827 WalkerFront<.getMutations</<
_/Promise-backend.js 922 process
_/Promise-backend.js 806 walkerLoop
_/Promise-backend.js 742 scheduleWalkerLoop/<

console.warn: Got an unexpected frameLoad in the inspector, please file a bug on bugzilla.mozilla.org!
console.trace: 
_fronts/inspector.js 827 WalkerFront<.getMutations</<
_/Promise-backend.js 922 process
_/Promise-backend.js 806 walkerLoop
_/Promise-backend.js 742 scheduleWalkerLoop/<

JavaScript warning: http://alia7557.banlion.cn:45699/member/js/jquery.js, line 1: Using //@ to indicate sourceMappingURL pragmas is deprecated. Use //# instead
console.warn: Got an unexpected frameLoad in the inspector, please file a bug on bugzilla.mozilla.org!
console.trace: 
_fronts/inspector.js 827 WalkerFront<.getMutations</<
_/Promise-backend.js 922 process
_/Promise-backend.js 806 walkerLoop
_/Promise-backend.js 742 scheduleWalkerLoop/<

console.warn: Got an unexpected frameLoad in the inspector, please file a bug on bugzilla.mozilla.org!
console.trace: 
_fronts/inspector.js 827 WalkerFront<.getMutations</<
_/Promise-backend.js 922 process
_/Promise-backend.js 806 walkerLoop
_/Promise-backend.js 742 scheduleWalkerLoop/<

console.warn: Got an unexpected frameLoad in the inspector, please file a bug on bugzilla.mozilla.org!
console.trace: 
_fronts/inspector.js 827 WalkerFront<.getMutations</<
_/Promise-backend.js 922 process
_/Promise-backend.js 806 walkerLoop
_/Promise-backend.js 742 scheduleWalkerLoop/<

console.warn: Got an unexpected frameLoad in the inspector, please file a bug on bugzilla.mozilla.org!
console.trace: 
_fronts/inspector.js 827 WalkerFront<.getMutations</<
_/Promise-backend.js 922 process
_/Promise-backend.js 806 walkerLoop
_/Promise-backend.js 742 scheduleWalkerLoop/<

JavaScript warning: http://alia7557.banlion.cn:45699/member/js/jquery.js, line 1: Using //@ to indicate sourceMappingURL pragmas is deprecated. Use //# instead
console.warn: Got an unexpected frameLoad in the inspector, please file a bug on bugzilla.mozilla.org!
console.trace: 
_fronts/inspector.js 827 WalkerFront<.getMutations</<
_/Promise-backend.js 922 process
_/Promise-backend.js 806 walkerLoop
_/Promise-backend.js 742 scheduleWalkerLoop/<

console.warn: Got an unexpected frameLoad in the inspector, please file a bug on bugzilla.mozilla.org!
console.trace: 
_fronts/inspector.js 827 WalkerFront<.getMutations</<
_/Promise-backend.js 922 process
_/Promise-backend.js 806 walkerLoop
_/Promise-backend.js 742 scheduleWalkerLoop/<

console.warn: Got an unexpected frameLoad in the inspector, please file a bug on bugzilla.mozilla.org!
console.trace: 
_fronts/inspector.js 827 WalkerFront<.getMutations</<
_/Promise-backend.js 922 process
_/Promise-backend.js 806 walkerLoop
_/Promise-backend.js 742 scheduleWalkerLoop/<

console.warn: Got an unexpected frameLoad in the inspector, please file a bug on bugzilla.mozilla.org!
console.trace: 
_fronts/inspector.js 827 WalkerFront<.getMutations</<
_/Promise-backend.js 922 process
_/Promise-backend.js 806 walkerLoop
_/Promise-backend.js 742 scheduleWalkerLoop/<

console.warn: Got an unexpected frameLoad in the inspector, please file a bug on bugzilla.mozilla.org!
console.trace: 
_fronts/inspector.js 827 WalkerFront<.getMutations</<
_/Promise-backend.js 922 process
_/Promise-backend.js 806 walkerLoop
_/Promise-backend.js 742 scheduleWalkerLoop/<

JavaScript warning: http://alia7557.banlion.cn:45699/member/js/jquery.js, line 1: Using //@ to indicate sourceMappingURL pragmas is deprecated. Use //# instead
console.warn: Got an unexpected frameLoad in the inspector, please file a bug on bugzilla.mozilla.org!
console.trace: 
_fronts/inspector.js 827 WalkerFront<.getMutations</<
_/Promise-backend.js 922 process
_/Promise-backend.js 806 walkerLoop
_/Promise-backend.js 742 scheduleWalkerLoop/<

console.warn: Got an unexpected frameLoad in the inspector, please file a bug on bugzilla.mozilla.org!
console.trace: 
_fronts/inspector.js 827 WalkerFront<.getMutations</<
_/Promise-backend.js 922 process
_/Promise-backend.js 806 walkerLoop
_/Promise-backend.js 742 scheduleWalkerLoop/<

console.warn: Got an unexpected frameLoad in the inspector, please file a bug on bugzilla.mozilla.org!
console.trace: 
_fronts/inspector.js 827 WalkerFront<.getMutations</<
_/Promise-backend.js 922 process
_/Promise-backend.js 806 walkerLoop
_/Promise-backend.js 742 scheduleWalkerLoop/<

console.warn: Got an unexpected frameLoad in the inspector, please file a bug on bugzilla.mozilla.org!
console.trace: 
_fronts/inspector.js 827 WalkerFront<.getMutations</<
_/Promise-backend.js 922 process
_/Promise-backend.js 806 walkerLoop
_/Promise-backend.js 742 scheduleWalkerLoop/<

console.warn: Got an unexpected frameLoad in the inspector, please file a bug on bugzilla.mozilla.org!
console.trace: 
_fronts/inspector.js 827 WalkerFront<.getMutations</<
_/Promise-backend.js 922 process
_/Promise-backend.js 806 walkerLoop
_/Promise-backend.js 742 scheduleWalkerLoop/<

console.warn: Got an unexpected frameLoad in the inspector, please file a bug on bugzilla.mozilla.org!
console.trace: 
_fronts/inspector.js 827 WalkerFront<.getMutations</<
_/Promise-backend.js 922 process
_/Promise-backend.js 806 walkerLoop
_/Promise-backend.js 742 scheduleWalkerLoop/<

JavaScript warning: http://alia7557.banlion.cn:45699/member/js/jquery.js, line 1: Using //@ to indicate sourceMappingURL pragmas is deprecated. Use //# instead
[Parent 3860, Gecko_IOThread] WARNING: pipe error: 109: file z:/build/build/src/ipc/chromium/src/chrome/common/ipc_channel_win.cc, line 346
[Child 2844, Chrome_ChildThread] WARNING: pipe error: 109: file z:/build/build/src/ipc/chromium/src/chrome/common/ipc_channel_win.cc, line 346
[Child 2844, Chrome_ChildThread] WARNING: pipe error: 109: file z:/build/build/src/ipc/chromium/src/chrome/common/ipc_channel_win.cc, line 346
[Parent 3860, Gecko_IOThread] WARNING: pipe error: 109: file z:/build/build/src/ipc/chromium/src/chrome/common/ipc_channel_win.cc, line 346
[Child 2872, Chrome_ChildThread] WARNING: pipe error: 109: file z:/build/build/src/ipc/chromium/src/chrome/common/ipc_channel_win.cc, line 346
[Child 2872, Chrome_ChildThread] WARNING: pipe error: 109: file z:/build/build/src/ipc/chromium/src/chrome/common/ipc_channel_win.cc, line 346
